<?xml version="1.0" encoding="UTF-8"?>
<!-- Generated by org.testng.reporters.JUnitReportReporter -->
<testsuite hostname="DESKTOP-9VQ45CQ" failures="0" tests="10" name="com.urbanladder.runner.Runner" time="74.934" errors="0" timestamp="2021-09-27T16:34:05 IST" skipped="0">
  <testcase classname="com.urbanladder.runner.Runner" name="Login" time="10.887"/>
  <system-out/>
  <testcase classname="com.urbanladder.runner.Runner" name="DiningTable" time="1.364"/>
  <system-out/>
  <testcase classname="com.urbanladder.runner.Runner" name="Sale" time="8.870"/>
  <system-out/>
  <testcase classname="com.urbanladder.runner.Runner" name="Living" time="8.050"/>
  <system-out/>
  <testcase classname="com.urbanladder.runner.Runner" name="Bedroom" time="8.113"/>
  <system-out/>
  <testcase classname="com.urbanladder.runner.Runner" name="Storage" time="8.441"/>
  <system-out/>
  <testcase classname="com.urbanladder.runner.Runner" name="Study" time="8.397"/>
  <system-out/>
  <testcase classname="com.urbanladder.runner.Runner" name="Kids" time="10.024"/>
  <system-out/>
  <testcase classname="com.urbanladder.runner.Runner" name="GiftCard" time="9.169"/>
  <system-out/>
  <testcase classname="com.urbanladder.runner.Runner" name="BulkOrder" time="1.619"/>
  <system-out/>
</testsuite> <!-- com.urbanladder.runner.Runner -->
